
[Info] penits
[Info] penits
[Warn] huh
[Error] oh no
[Error] Server error:
[Error] 10: missing parameter: 'id'
[Error] Server error:
[Error] 10: missing parameter: 'id'
[Error] Server error:
[Error] 10: missing parameter: 'id'
[Error] Server error:
[Error] 10: missing parameter: 'id'
[Info] Downloading song Banana Man by Tally Hall
[Info] Downloading song & by Tally Hall
[Info] Downloading song Cannibal by Tally Hall
[Info] Downloading song Even Flow by Pearl Jam
[Info] Downloading song Good Day by Tally Hall
[Info] Downloading song Livin’ on a Prayer by Bon Jovi
[Info] Downloading song Ruler of Everything by Tally Hall
[Info] Downloading song Spring and a Storm by Tally Hall
[Info] Downloading song Starman - 2012 Remaster by David Bowie
[Info] Downloading song The Bidding by Tally Hall
[Info] Downloading song The Less I Know the Better by Tame Impala
[Info] Downloading song The Show Must Go On by Queen
[Info] Downloading song Under Pressure by Queen
[Info] Downloading song Two Wuv by Tally Hall
[Info] Downloading song Virtual Insanity - Remastered 2013 by Jamiroquai
[Info] Downloading song Welcome to Tally Hall by Tally Hall
[Info] Downloading song You & Me by Tally Hall
[Info] Downloading song You Give Love a Bad Name by Bon Jovi
[Info] Downloading song What I've Done by Linkin Park
[Info] Downloading song Black Hole Sun by Soundgarden
[Info] Downloading song The Man Who Sold the World (2010 Remaster) by Midge Ure
[Info] Downloading song Chop Suey! by System Of A Down
[Info] Downloading song Toxicity by System Of A Down
[Info] Downloading song Brain Stew by Green Day
[Info] Downloading song One Last Breath by Creed
[Info] Downloading song Invisible by Duran Duran
[Info] Downloading song Enter Sandman by Metallica
[Info] Downloading song Nothing Else Matters by Metallica
[Info] Downloading song Heart Shaped Box - 2013 Mix by Nirvana
[Info] Downloading song Still Loving You by Scorpions
[Info] Downloading song Duvet by bôa
[Info] Downloading song I Don't Want To Miss A Thing (From "Armageddon" Soundtrack) by Aerosmith
[Info] Downloading song ATWA by System Of A Down
[Info] Downloading song LOST IN THE ECHO by Linkin Park
[Info] Downloading song ROADS UNTRAVELED by Linkin Park
[Info] Downloading song IN MY REMAINS by Linkin Park
[Info] Downloading song Prison Song by System Of A Down
[Info] Downloading song Bounce by System Of A Down
[Info] Downloading song Shimmy by System Of A Down
[Info] Downloading song Psycho by System Of A Down
[Info] Downloading song Aerials by System Of A Down
[Info] Downloading song The Emptiness Machine by Linkin Park
[Info] Downloading song Two Faced by Linkin Park
[Info] Downloading song Stained by Linkin Park
[Info] Downloading song IGYEIH by Linkin Park
[Info] Downloading song Personal Jesus by Depeche Mode
[Info] Downloading song Higher by Creed
[Info] Downloading song Don't Stay by Linkin Park
[Info] Downloading song Somewhere I Belong by Linkin Park
[Info] Downloading song Lying from You by Linkin Park
[Info] Downloading song Faint by Linkin Park
[Info] Downloading song Figure.09 by Linkin Park
[Info] Downloading song Numb by Linkin Park
[Info] Downloading song From the Inside by Linkin Park
[Info] Downloading song Nobody's Listening by Linkin Park
[Info] Downloading song Leave Out All the Rest by Linkin Park
[Info] Downloading song Papercut by Linkin Park
[Info] Downloading song By Myself by Linkin Park
[Error] Server error:
[Error] 70: playlist not found
[Info] Downloading song Ghost Town by Kanye West, PARTYNEXTDOOR
[Info] Downloading song Runaway by Kanye West
[Info] Downloading song PRIDE. by Kendrick Lamar
[Info] Downloading song Looking Out for You by Joy Again
[Info] Downloading song Goodbye Yellow Brick Road by Elton John
[Info] Downloading song 505 by Arctic Monkeys
[Info] Downloading song Christmas Kids by ROAR
[Info] Downloading song I Can't Handle Change by ROAR
[Info] Downloading song Dark Red by Steve Lacy
[Info] Downloading song Crown by Kendrick Lamar
[Info] Downloading song Count Me Out by Kendrick Lamar
[Info] Downloading song See Me Again by Kanye West
[Info] Downloading song Father Time by Kendrick Lamar, Sampha
[Info] Downloading song Sing About Me, I'm Dying Of Thirst by Kendrick Lamar
[Info] Downloading song u by Kendrick Lamar
[Info] Downloading song Banana Man by Tally Hall
[Info] Downloading song & by Tally Hall
[Info] Downloading song Cannibal by Tally Hall
[Info] Downloading song Even Flow by Pearl Jam
[Info] Downloading song Good Day by Tally Hall
[Info] Downloading song Livin’ on a Prayer by Bon Jovi
[Info] Downloading song Ruler of Everything by Tally Hall
[Info] Downloading song Spring and a Storm by Tally Hall
[Info] Downloading song Starman - 2012 Remaster by David Bowie
[Info] Downloading song The Bidding by Tally Hall
[Info] Downloading song The Less I Know the Better by Tame Impala
[Info] Downloading song The Show Must Go On by Queen
[Info] Downloading song Under Pressure by Queen
[Info] Downloading song Two Wuv by Tally Hall
[Info] Downloading song Virtual Insanity - Remastered 2013 by Jamiroquai
[Info] Downloading song Welcome to Tally Hall by Tally Hall
[Info] Downloading song You & Me by Tally Hall
[Info] Downloading song You Give Love a Bad Name by Bon Jovi
[Info] Downloading song What I've Done by Linkin Park
[Info] Downloading song Black Hole Sun by Soundgarden
[Info] Downloading song The Man Who Sold the World (2010 Remaster) by Midge Ure
[Info] Downloading song Chop Suey! by System Of A Down
[Info] Downloading song Toxicity by System Of A Down
[Info] Downloading song Brain Stew by Green Day
[Info] Downloading song One Last Breath by Creed
[Info] Downloading song Invisible by Duran Duran
[Info] Downloading song Enter Sandman by Metallica
[Info] Downloading song Nothing Else Matters by Metallica
[Info] Downloading song Heart Shaped Box - 2013 Mix by Nirvana
[Info] Downloading song Still Loving You by Scorpions
[Info] Downloading song Duvet by bôa
[Info] Downloading song I Don't Want To Miss A Thing (From "Armageddon" Soundtrack) by Aerosmith
[Info] Downloading song ATWA by System Of A Down
[Info] Downloading song LOST IN THE ECHO by Linkin Park
[Info] Downloading song ROADS UNTRAVELED by Linkin Park
[Info] Downloading song IN MY REMAINS by Linkin Park
[Info] Downloading song Prison Song by System Of A Down
[Info] Downloading song Bounce by System Of A Down
[Info] Downloading song Shimmy by System Of A Down
[Info] Downloading song Psycho by System Of A Down
[Info] Downloading song Aerials by System Of A Down
[Info] Downloading song The Emptiness Machine by Linkin Park
[Info] Downloading song Two Faced by Linkin Park
[Info] Downloading song Stained by Linkin Park
[Info] Downloading song IGYEIH by Linkin Park
[Info] Downloading song Personal Jesus by Depeche Mode
[Info] Downloading song Still Loving You by Scorpions
[Info] Downloading song Higher by Creed
[Info] Downloading song Don't Stay by Linkin Park
[Info] Downloading song Somewhere I Belong by Linkin Park
[Info] Downloading song Lying from You by Linkin Park
[Info] Downloading song Faint by Linkin Park
[Info] Downloading song Figure.09 by Linkin Park
[Info] Downloading song Numb by Linkin Park
[Info] Downloading song From the Inside by Linkin Park
[Info] Downloading song Nobody's Listening by Linkin Park
[Info] Downloading song Leave Out All the Rest by Linkin Park
[Info] Downloading song Papercut by Linkin Park
[Info] Downloading song By Myself by Linkin Park
[Info] Downloading song One Step Closer by Linkin Park
[Info] Downloading song With You by Linkin Park
[Info] Downloading song Points of Authority by Linkin Park
[Info] Downloading song Crawling by Linkin Park
[Info] Downloading song Runaway by Linkin Park
[Info] Downloading song In the End by Linkin Park
[Info] Downloading song A Place for My Head by Linkin Park
[Info] Downloading song Forgotten by Linkin Park
[Info] Downloading song Pushing Me Away by Linkin Park